TN:
SF:src/app.ts
FNF:0
FNH:0
DA:1,1
DA:2,1
DA:3,1
DA:4,1
DA:6,1
DA:8,1
DA:14,1
DA:15,1
DA:17,1
LF:9
LH:9
BRF:0
BRH:0
end_of_record
TN:
SF:src/controllers/contacts.controller.ts
FN:7,(anonymous_0)
FN:24,(anonymous_1)
FN:36,(anonymous_2)
FN:50,(anonymous_3)
FN:75,(anonymous_4)
FNF:5
FNH:5
FNDA:1,(anonymous_0)
FNDA:1,(anonymous_1)
FNDA:1,(anonymous_2)
FNDA:1,(anonymous_3)
FNDA:2,(anonymous_4)
DA:2,1
DA:4,1
DA:5,1
DA:8,1
DA:9,1
DA:11,1
DA:12,1
DA:13,0
DA:16,1
DA:17,1
DA:19,0
DA:20,0
DA:25,1
DA:26,1
DA:27,1
DA:28,1
DA:29,1
DA:31,0
DA:32,0
DA:37,1
DA:38,1
DA:39,1
DA:40,1
DA:41,0
DA:43,1
DA:45,0
DA:46,0
DA:51,1
DA:52,1
DA:53,1
DA:55,1
DA:56,1
DA:57,0
DA:60,1
DA:61,0
DA:62,0
DA:63,0
DA:67,1
DA:68,1
DA:70,0
DA:71,0
DA:76,2
DA:77,2
DA:79,2
DA:80,2
DA:81,1
DA:84,1
DA:85,1
DA:87,0
DA:88,0
LF:50
LH:34
BRDA:12,0,0,0
BRDA:26,1,0,1
BRDA:26,1,1,0
BRDA:27,2,0,1
BRDA:27,2,1,0
BRDA:40,3,0,0
BRDA:56,4,0,0
BRDA:60,5,0,0
BRDA:60,6,0,1
BRDA:60,6,1,0
BRDA:62,7,0,0
BRDA:80,8,0,1
BRF:12
BRH:4
end_of_record
TN:
SF:src/db/client.ts
FNF:0
FNH:0
DA:1,1
DA:2,1
DA:3,1
DA:5,1
LF:4
LH:4
BRF:0
BRH:0
end_of_record
TN:
SF:src/middlewares/validate.ts
FN:5,(anonymous_0)
FN:6,(anonymous_1)
FNF:2
FNH:2
FNDA:1,(anonymous_0)
FNDA:1,(anonymous_1)
DA:5,1
DA:6,1
DA:7,1
DA:8,1
DA:9,1
DA:11,1
DA:12,0
DA:14,1
DA:16,1
DA:18,0
DA:19,0
DA:21,0
LF:12
LH:8
BRDA:11,0,0,0
BRDA:18,1,0,0
BRF:2
BRH:0
end_of_record
TN:
SF:src/repositories/contacts.repository.ts
FN:5,(anonymous_0)
FN:13,(anonymous_1)
FN:19,(anonymous_2)
FN:24,(anonymous_3)
FN:27,(anonymous_4)
FN:36,(anonymous_5)
FN:40,(anonymous_6)
FNF:7
FNH:7
FNDA:1,(anonymous_0)
FNDA:1,(anonymous_1)
FNDA:4,(anonymous_2)
FNDA:1,(anonymous_3)
FNDA:1,(anonymous_4)
FNDA:1,(anonymous_5)
FNDA:1,(anonymous_6)
DA:1,1
DA:4,1
DA:6,1
DA:10,1
DA:14,1
DA:15,1
DA:16,1
DA:20,4
DA:21,4
DA:25,1
DA:26,1
DA:27,1
DA:29,1
DA:33,1
DA:37,1
DA:41,1
DA:42,1
DA:43,0
LF:18
LH:17
BRDA:42,0,0,1
BRF:1
BRH:1
end_of_record
TN:
SF:src/routes/contacts.route.ts
FN:9,(anonymous_0)
FN:10,(anonymous_1)
FN:11,(anonymous_2)
FN:12,(anonymous_3)
FN:13,(anonymous_4)
FNF:5
FNH:5
FNDA:1,(anonymous_0)
FNDA:1,(anonymous_1)
FNDA:1,(anonymous_2)
FNDA:1,(anonymous_3)
FNDA:2,(anonymous_4)
DA:1,1
DA:2,1
DA:3,1
DA:4,1
DA:6,1
DA:7,1
DA:9,1
DA:10,1
DA:11,1
DA:12,1
DA:13,2
DA:15,1
LF:12
LH:12
BRF:0
BRH:0
end_of_record
TN:
SF:src/routes/docs.route.ts
FN:8,(anonymous_1)
FNF:1
FNH:0
FNDA:0,(anonymous_1)
DA:1,1
DA:2,1
DA:3,1
DA:6,1
DA:8,1
DA:9,0
DA:12,1
LF:7
LH:6
BRF:0
BRH:0
end_of_record
TN:
SF:src/services/contacts.service.ts
FN:7,(anonymous_0)
FN:11,(anonymous_1)
FN:15,(anonymous_2)
FN:19,(anonymous_3)
FN:23,(anonymous_4)
FN:27,(anonymous_5)
FNF:6
FNH:6
FNDA:1,(anonymous_0)
FNDA:1,(anonymous_1)
FNDA:4,(anonymous_2)
FNDA:1,(anonymous_3)
FNDA:1,(anonymous_4)
FNDA:1,(anonymous_5)
DA:1,1
DA:4,1
DA:5,1
DA:8,1
DA:12,1
DA:16,4
DA:20,1
DA:24,1
DA:28,1
LF:9
LH:9
BRF:0
BRH:0
end_of_record
TN:
SF:src/utils/fileServe.ts
FN:3,serveFile
FNF:1
FNH:0
FNDA:0,serveFile
DA:1,1
DA:3,1
DA:4,0
DA:5,0
DA:6,0
DA:10,0
LF:6
LH:2
BRF:0
BRH:0
end_of_record
TN:
SF:src/validators/contact.schema.ts
FNF:0
FNH:0
DA:1,1
DA:3,1
LF:2
LH:2
BRF:0
BRH:0
end_of_record
